<?xml version="1.0" encoding="UTF-8"?>
<testsuite name="letterGradeTest5a" tests="6" skipped="0" failures="0" errors="0" timestamp="2019-12-24T17:26:09" hostname="MSI" time="0.002">
  <properties/>
  <testcase name="TC01" classname="letterGradeTest5a" time="0.002"/>
  <testcase name="TC02" classname="letterGradeTest5a" time="0.0"/>
  <testcase name="TC03" classname="letterGradeTest5a" time="0.0"/>
  <testcase name="TC04" classname="letterGradeTest5a" time="0.0"/>
  <testcase name="TC05" classname="letterGradeTest5a" time="0.0"/>
  <testcase name="TC06" classname="letterGradeTest5a" time="0.0"/>
  <system-out><![CDATA[]]></system-out>
  <system-err><![CDATA[]]></system-err>
</testsuite>
